INFO  [app.InterfejsGuiApp.class] 2017-05-22 18:30:33 - Uruchomiono program
ERROR [app.InterfejsGuiApp.class] 2017-05-22 18:30:38 - Zly format danej wejsciowej
ERROR [app.InterfejsGuiApp.class] 2017-05-22 18:30:45 - Zly format danej wejsciowej
ERROR [app.InterfejsGuiApp.class] 2017-05-22 18:30:58 - Zly format danej wejsciowej
INFO  [app.InterfejsGuiApp.class] 2017-05-22 18:31:01 - Zamknieto program
INFO  [app.InterfejsGuiApp.class] 2017-05-22 18:31:31 - Uruchomiono program
ERROR [app.InterfejsGuiApp.class] 2017-05-22 18:31:39 - Dane wejsciowe spoza zakresu!
INFO  [app.InterfejsGuiApp.class] 2017-05-22 18:31:48 - Wykonano zapis danych do pliku
INFO  [app.InterfejsGuiApp.class] 2017-05-22 18:31:52 - Zamknieto program
INFO  [app.InterfejsGuiApp.class] 2017-05-23 16:19:21 - Uruchomiono program
INFO  [app.InterfejsGuiApp.class] 2017-05-23 16:19:24 - Zamkniêto program
INFO  [app.InterfejsGuiApp.class] 2017-05-23 16:21:04 - Uruchomiono program
INFO  [app.InterfejsGuiApp.class] 2017-05-23 16:21:07 - Zamkniêto program
INFO  [app.InterfejsGuiApp.class] 2017-05-23 16:35:39 - Uruchomiono program
INFO  [app.InterfejsGuiApp.class] 2017-05-23 16:37:32 - Zamknieto program
INFO  [app.InterfejsGuiApp.class] 2017-05-23 16:40:05 - Uruchomiono program
INFO  [app.InterfejsGuiApp.class] 2017-05-23 16:40:09 - Zamknieto program
INFO  [app.InterfejsGuiApp.class] 2017-05-23 16:50:08 - Uruchomiono program
INFO  [app.InterfejsGuiApp.class] 2017-05-23 16:50:18 - Zamknieto program
INFO  [app.InterfejsGuiApp.class] 2017-05-23 16:52:37 - Uruchomiono program
INFO  [app.InterfejsGuiApp.class] 2017-05-23 16:52:47 - Zamknieto program
INFO  [app.InterfejsGuiApp.class] 2017-05-23 17:28:04 - Uruchomiono program
INFO  [app.InterfejsGuiApp.class] 2017-05-23 17:28:17 - Zamknieto program
INFO  [app.InterfejsGuiApp.class] 2017-05-23 17:29:11 - Uruchomiono program
ERROR [app.InterfejsGuiApp.class] 2017-05-23 17:29:23 - Zly format danej wejsciowej!
INFO  [app.InterfejsGuiApp.class] 2017-05-23 17:29:25 - Zamknieto program
INFO  [app.InterfejsGuiApp.class] 2017-05-23 17:35:28 - Uruchomiono program
INFO  [app.InterfejsGuiApp.class] 2017-05-23 17:35:36 - Zamknieto program
INFO  [app.InterfejsGuiApp.class] 2017-05-23 17:35:54 - Uruchomiono program
INFO  [app.InterfejsGuiApp.class] 2017-05-23 17:36:03 - Zamknieto program
INFO  [app.InterfejsGuiApp.class] 2017-05-23 17:43:04 - Uruchomiono program
INFO  [app.InterfejsGuiApp.class] 2017-05-23 17:43:08 - Zamknieto program
INFO  [app.InterfejsGuiApp.class] 2017-05-23 17:58:28 - Uruchomiono program
INFO  [app.InterfejsGuiApp.class] 2017-05-23 17:58:35 - Zamknieto program
INFO  [app.InterfejsGuiApp.class] 2017-05-23 17:59:12 - Uruchomiono program
INFO  [app.InterfejsGuiApp.class] 2017-05-23 17:59:17 - Zamknieto program
INFO  [app.InterfejsGuiApp.class] 2017-05-23 18:12:09 - Uruchomiono program
INFO  [app.InterfejsGuiApp.class] 2017-05-23 18:12:56 - Zamknieto program
INFO  [app.InterfejsGuiApp.class] 2017-05-23 18:29:53 - Uruchomiono program
INFO  [app.InterfejsGuiApp.class] 2017-05-23 18:30:45 - Zamknieto program
INFO  [app.InterfejsGuiApp.class] 2017-05-23 18:30:47 - Uruchomiono program
INFO  [app.InterfejsGuiApp.class] 2017-05-23 18:30:59 - Zamknieto program
INFO  [app.InterfejsGuiApp.class] 2017-05-23 18:32:32 - Uruchomiono program
INFO  [app.InterfejsGuiApp.class] 2017-05-23 18:32:49 - Zamknieto program
INFO  [app.InterfejsGuiApp.class] 2017-05-23 18:33:25 - Uruchomiono program
INFO  [app.InterfejsGuiApp.class] 2017-05-23 18:33:46 - Zamknieto program
INFO  [app.InterfejsGuiApp.class] 2017-05-23 18:35:32 - Uruchomiono program
INFO  [app.InterfejsGuiApp.class] 2017-05-23 18:35:59 - Zamknieto program
INFO  [app.InterfejsGuiApp.class] 2017-05-23 18:38:13 - Uruchomiono program
INFO  [app.InterfejsGuiApp.class] 2017-05-23 18:38:28 - Zamknieto program
INFO  [app.InterfejsGuiApp.class] 2017-05-23 18:43:00 - Uruchomiono program
INFO  [app.InterfejsGuiApp.class] 2017-05-23 18:43:20 - Zamknieto program
INFO  [app.InterfejsGuiApp.class] 2017-05-23 18:43:45 - Uruchomiono program
INFO  [app.InterfejsGuiApp.class] 2017-05-23 18:44:00 - Zamknieto program
INFO  [app.InterfejsGuiApp.class] 2017-05-23 18:44:08 - Uruchomiono program
INFO  [app.InterfejsGuiApp.class] 2017-05-23 18:44:14 - Zamknieto program
INFO  [app.InterfejsGuiApp.class] 2017-05-23 18:44:34 - Uruchomiono program
INFO  [app.InterfejsGuiApp.class] 2017-05-23 18:44:57 - Zamknieto program
INFO  [app.InterfejsGuiApp.class] 2017-05-23 18:56:55 - Uruchomiono program
ERROR [app.InterfejsGuiApp.class] 2017-05-23 18:57:28 - Zly format danej wejsciowej!
ERROR [app.InterfejsGuiApp.class] 2017-05-23 18:57:33 - Zly format danej wejsciowej!
INFO  [app.InterfejsGuiApp.class] 2017-05-23 18:57:39 - Zamknieto program
INFO  [app.InterfejsGuiApp.class] 2017-05-23 18:59:26 - Uruchomiono program
INFO  [app.InterfejsGuiApp.class] 2017-05-23 19:00:00 - Zamknieto program
INFO  [app.InterfejsGuiApp.class] 2017-05-23 19:01:11 - Uruchomiono program
INFO  [app.InterfejsGuiApp.class] 2017-05-23 19:02:15 - Zamknieto program
INFO  [app.InterfejsGuiApp.class] 2017-05-23 19:02:18 - Uruchomiono program
INFO  [app.InterfejsGuiApp.class] 2017-05-23 19:02:29 - Zamknieto program
INFO  [app.InterfejsGuiApp.class] 2017-05-23 19:03:24 - Uruchomiono program
INFO  [app.InterfejsGuiApp.class] 2017-05-23 19:04:38 - Zamknieto program
INFO  [app.InterfejsGuiApp.class] 2017-05-23 19:04:41 - Uruchomiono program
INFO  [app.InterfejsGuiApp.class] 2017-05-23 19:05:01 - Zamknieto program
INFO  [app.InterfejsGuiApp.class] 2017-05-23 19:05:04 - Uruchomiono program
INFO  [app.InterfejsGuiApp.class] 2017-05-23 19:05:40 - Zamknieto program
INFO  [app.InterfejsGuiApp.class] 2017-05-23 19:06:23 - Uruchomiono program
INFO  [app.InterfejsGuiApp.class] 2017-05-23 19:06:33 - Zamknieto program
INFO  [app.InterfejsGuiApp.class] 2017-05-23 19:07:08 - Uruchomiono program
INFO  [app.InterfejsGuiApp.class] 2017-05-23 19:07:55 - Zamknieto program
INFO  [app.InterfejsGuiApp.class] 2017-05-23 19:13:35 - Uruchomiono program
INFO  [app.InterfejsGuiApp.class] 2017-05-23 19:13:51 - Zamknieto program
INFO  [app.InterfejsGuiApp.class] 2017-05-23 19:14:57 - Uruchomiono program
INFO  [app.InterfejsGuiApp.class] 2017-05-23 19:15:46 - Zamknieto program
INFO  [app.InterfejsGuiApp.class] 2017-05-23 19:16:17 - Uruchomiono program
INFO  [app.InterfejsGuiApp.class] 2017-05-23 19:18:37 - Zamknieto program
INFO  [app.InterfejsGuiApp.class] 2017-05-23 19:19:00 - Uruchomiono program
INFO  [app.InterfejsGuiApp.class] 2017-05-23 19:19:33 - Zamknieto program
INFO  [app.InterfejsGuiApp.class] 2017-05-23 19:20:36 - Uruchomiono program
INFO  [app.InterfejsGuiApp.class] 2017-05-23 19:22:44 - Zamknieto program
INFO  [app.InterfejsGuiApp.class] 2017-05-23 19:28:55 - Uruchomiono program
INFO  [app.InterfejsGuiApp.class] 2017-05-23 19:29:12 - Zamknieto program
INFO  [app.InterfejsGuiApp.class] 2017-05-23 19:29:21 - Uruchomiono program
INFO  [app.InterfejsGuiApp.class] 2017-05-23 19:29:55 - Zamknieto program
INFO  [app.InterfejsGuiApp.class] 2017-05-23 19:30:08 - Uruchomiono program
INFO  [app.InterfejsGuiApp.class] 2017-05-23 19:32:18 - Zamknieto program
INFO  [app.InterfejsGuiApp.class] 2017-05-23 19:32:44 - Uruchomiono program
INFO  [app.InterfejsGuiApp.class] 2017-05-23 19:33:44 - Zamknieto program
INFO  [app.InterfejsGuiApp.class] 2017-05-23 19:36:08 - Uruchomiono program
ERROR [app.InterfejsGuiApp.class] 2017-05-23 19:36:21 - Zly format danej wejsciowej!
INFO  [app.InterfejsGuiApp.class] 2017-05-23 19:36:30 - Zamknieto program
INFO  [app.InterfejsGuiApp.class] 2017-05-23 19:37:24 - Uruchomiono program
INFO  [app.InterfejsGuiApp.class] 2017-05-23 19:37:28 - Zamknieto program
INFO  [app.InterfejsGuiApp.class] 2017-05-23 19:37:34 - Uruchomiono program
INFO  [app.InterfejsGuiApp.class] 2017-05-23 19:38:06 - Zamknieto program
INFO  [app.InterfejsGuiApp.class] 2017-05-23 19:40:17 - Uruchomiono program
INFO  [app.InterfejsGuiApp.class] 2017-05-23 19:41:02 - Zamknieto program
INFO  [app.InterfejsGuiApp.class] 2017-05-23 19:41:05 - Uruchomiono program
INFO  [app.InterfejsGuiApp.class] 2017-05-23 19:42:40 - Zamknieto program
INFO  [app.InterfejsGuiApp.class] 2017-05-23 19:44:26 - Uruchomiono program
INFO  [app.InterfejsGuiApp.class] 2017-05-23 19:44:47 - Zamknieto program
INFO  [app.InterfejsGuiApp.class] 2017-05-23 19:48:09 - Uruchomiono program
ERROR [app.InterfejsGuiApp.class] 2017-05-23 19:48:15 - Zly format danej wejsciowej!
INFO  [app.InterfejsGuiApp.class] 2017-05-23 19:48:21 - Zamknieto program
INFO  [app.InterfejsGuiApp.class] 2017-05-23 19:48:40 - Uruchomiono program
ERROR [app.InterfejsGuiApp.class] 2017-05-23 19:48:45 - Zly format danej wejsciowej!
INFO  [app.InterfejsGuiApp.class] 2017-05-23 19:49:29 - Zamknieto program
INFO  [app.InterfejsGuiApp.class] 2017-05-23 19:51:01 - Uruchomiono program
INFO  [app.InterfejsGuiApp.class] 2017-05-23 19:52:38 - Zamknieto program
INFO  [app.InterfejsGuiApp.class] 2017-05-23 19:54:10 - Uruchomiono program
INFO  [app.InterfejsGuiApp.class] 2017-05-23 19:54:41 - Zamknieto program
INFO  [app.InterfejsGuiApp.class] 2017-05-23 19:55:14 - Uruchomiono program
INFO  [app.InterfejsGuiApp.class] 2017-05-23 19:55:20 - Zamknieto program
INFO  [app.InterfejsGuiApp.class] 2017-05-23 19:56:36 - Uruchomiono program
INFO  [app.InterfejsGuiApp.class] 2017-05-23 19:57:24 - Zamknieto program
INFO  [app.InterfejsGuiApp.class] 2017-05-23 19:57:31 - Uruchomiono program
INFO  [app.InterfejsGuiApp.class] 2017-05-23 19:57:36 - Zamknieto program
INFO  [app.InterfejsGuiApp.class] 2017-05-23 19:58:22 - Uruchomiono program
INFO  [app.InterfejsGuiApp.class] 2017-05-23 19:58:52 - Zamknieto program
INFO  [app.InterfejsGuiApp.class] 2017-05-23 20:00:33 - Uruchomiono program
INFO  [app.InterfejsGuiApp.class] 2017-05-23 20:00:42 - Zamknieto program
INFO  [app.InterfejsGuiApp.class] 2017-05-23 20:01:53 - Uruchomiono program
INFO  [app.InterfejsGuiApp.class] 2017-05-23 20:02:16 - Zamknieto program
INFO  [app.InterfejsGuiApp.class] 2017-05-23 20:03:46 - Uruchomiono program
INFO  [app.InterfejsGuiApp.class] 2017-05-23 20:03:51 - Zamknieto program
INFO  [app.InterfejsGuiApp.class] 2017-05-23 20:06:22 - Uruchomiono program
INFO  [app.InterfejsGuiApp.class] 2017-05-23 20:06:32 - Zamknieto program
INFO  [app.InterfejsGuiApp.class] 2017-05-23 20:09:27 - Uruchomiono program
INFO  [app.InterfejsGuiApp.class] 2017-05-23 20:09:35 - Zamknieto program
INFO  [app.InterfejsGuiApp.class] 2017-05-23 20:11:22 - Uruchomiono program
INFO  [app.InterfejsGuiApp.class] 2017-05-23 20:11:29 - Zamknieto program
INFO  [app.InterfejsGuiApp.class] 2017-05-23 20:11:44 - Uruchomiono program
INFO  [app.InterfejsGuiApp.class] 2017-05-23 20:11:48 - Zamknieto program
INFO  [app.InterfejsGuiApp.class] 2017-05-23 20:12:07 - Uruchomiono program
INFO  [app.InterfejsGuiApp.class] 2017-05-23 20:12:11 - Zamknieto program
INFO  [app.InterfejsGuiApp.class] 2017-05-23 20:12:17 - Uruchomiono program
INFO  [app.InterfejsGuiApp.class] 2017-05-23 20:12:23 - Zamknieto program
INFO  [app.InterfejsGuiApp.class] 2017-05-23 20:13:28 - Uruchomiono program
INFO  [app.InterfejsGuiApp.class] 2017-05-23 20:14:17 - Zamknieto program
INFO  [app.InterfejsGuiApp.class] 2017-05-23 20:14:57 - Uruchomiono program
INFO  [app.InterfejsGuiApp.class] 2017-05-23 20:15:04 - Zamknieto program
INFO  [app.InterfejsGuiApp.class] 2017-05-23 20:19:07 - Uruchomiono program
INFO  [app.InterfejsGuiApp.class] 2017-05-23 20:19:13 - Zamknieto program
INFO  [app.InterfejsGuiApp.class] 2017-05-23 20:21:17 - Uruchomiono program
INFO  [app.InterfejsGuiApp.class] 2017-05-23 20:21:34 - Zamknieto program
INFO  [app.InterfejsGuiApp.class] 2017-05-23 20:23:05 - Uruchomiono program
INFO  [app.InterfejsGuiApp.class] 2017-05-23 20:23:12 - Zamknieto program
INFO  [app.InterfejsGuiApp.class] 2017-05-23 20:23:41 - Uruchomiono program
INFO  [app.InterfejsGuiApp.class] 2017-05-23 20:23:49 - Zamknieto program
INFO  [app.InterfejsGuiApp.class] 2017-05-23 20:24:28 - Uruchomiono program
INFO  [app.InterfejsGuiApp.class] 2017-05-23 20:24:36 - Zamknieto program
INFO  [app.InterfejsGuiApp.class] 2017-05-23 20:24:48 - Uruchomiono program
INFO  [app.InterfejsGuiApp.class] 2017-05-23 20:24:58 - Zamknieto program
INFO  [app.InterfejsGuiApp.class] 2017-05-23 20:26:16 - Uruchomiono program
INFO  [app.InterfejsGuiApp.class] 2017-05-23 20:26:28 - Zamknieto program
INFO  [app.InterfejsGuiApp.class] 2017-05-23 20:33:39 - Uruchomiono program
INFO  [app.InterfejsGuiApp.class] 2017-05-23 20:33:43 - Zamknieto program
INFO  [app.InterfejsGuiApp.class] 2017-05-23 20:37:31 - Uruchomiono program
INFO  [app.InterfejsGuiApp.class] 2017-05-23 20:37:42 - Zamknieto program
INFO  [app.InterfejsGuiApp.class] 2017-05-23 20:39:14 - Uruchomiono program
INFO  [app.InterfejsGuiApp.class] 2017-05-23 20:39:29 - Zamknieto program
INFO  [app.InterfejsGuiApp.class] 2017-05-23 20:40:19 - Uruchomiono program
INFO  [app.InterfejsGuiApp.class] 2017-05-23 20:40:24 - Zamknieto program
INFO  [app.InterfejsGuiApp.class] 2017-05-23 20:41:09 - Uruchomiono program
INFO  [app.InterfejsGuiApp.class] 2017-05-23 20:41:21 - Zamknieto program
INFO  [app.InterfejsGuiApp.class] 2017-05-23 20:42:41 - Uruchomiono program
INFO  [app.InterfejsGuiApp.class] 2017-05-23 20:42:46 - Zamknieto program
INFO  [app.InterfejsGuiApp.class] 2017-05-23 20:43:17 - Uruchomiono program
INFO  [app.InterfejsGuiApp.class] 2017-05-23 20:43:29 - Zamknieto program
INFO  [app.InterfejsGuiApp.class] 2017-05-23 20:43:41 - Uruchomiono program
INFO  [app.InterfejsGuiApp.class] 2017-05-23 20:43:47 - Zamknieto program
INFO  [app.InterfejsGuiApp.class] 2017-05-23 20:44:32 - Uruchomiono program
INFO  [app.InterfejsGuiApp.class] 2017-05-23 20:44:38 - Zamknieto program
INFO  [app.InterfejsGuiApp.class] 2017-05-23 20:47:14 - Uruchomiono program
INFO  [app.InterfejsGuiApp.class] 2017-05-23 20:47:19 - Zamknieto program
INFO  [app.InterfejsGuiApp.class] 2017-05-23 20:49:36 - Uruchomiono program
INFO  [app.InterfejsGuiApp.class] 2017-05-23 20:49:41 - Zamknieto program
INFO  [app.InterfejsGuiApp.class] 2017-05-23 20:49:52 - Uruchomiono program
INFO  [app.InterfejsGuiApp.class] 2017-05-23 20:50:00 - Zamknieto program
INFO  [app.InterfejsGuiApp.class] 2017-05-24 19:41:55 - Uruchomiono program
INFO  [app.InterfejsGuiApp.class] 2017-05-24 19:42:05 - Zamknieto program
INFO  [app.InterfejsGuiApp.class] 2017-05-24 20:53:21 - Uruchomiono program
INFO  [app.InterfejsGuiApp.class] 2017-05-24 20:53:27 - Zamknieto program
INFO  [app.InterfejsGuiApp.class] 2017-05-24 20:54:09 - Uruchomiono program
INFO  [app.InterfejsGuiApp.class] 2017-05-24 20:54:16 - Zamknieto program
INFO  [app.InterfejsGuiApp.class] 2017-05-24 20:54:51 - Uruchomiono program
INFO  [app.InterfejsGuiApp.class] 2017-05-24 20:55:11 - Zamknieto program
INFO  [app.InterfejsGuiApp.class] 2017-05-24 20:58:07 - Uruchomiono program
INFO  [app.InterfejsGuiApp.class] 2017-05-24 20:58:25 - Zamknieto program
INFO  [app.InterfejsGuiApp.class] 2017-05-24 20:58:29 - Uruchomiono program
INFO  [app.InterfejsGuiApp.class] 2017-05-24 20:58:33 - Zamknieto program
INFO  [app.InterfejsGuiApp.class] 2017-05-24 20:58:57 - Uruchomiono program
INFO  [app.InterfejsGuiApp.class] 2017-05-24 20:59:03 - Zamknieto program
INFO  [app.InterfejsGuiApp.class] 2017-05-24 21:01:09 - Uruchomiono program
INFO  [app.InterfejsGuiApp.class] 2017-05-24 21:01:16 - Zamknieto program
INFO  [app.InterfejsGuiApp.class] 2017-05-24 21:04:11 - Uruchomiono program
INFO  [app.InterfejsGuiApp.class] 2017-05-24 21:04:19 - Zamknieto program
INFO  [app.InterfejsGuiApp.class] 2017-05-24 21:15:10 - Uruchomiono program
INFO  [app.InterfejsGuiApp.class] 2017-05-24 21:15:15 - Zamknieto program
INFO  [app.InterfejsGuiApp.class] 2017-05-24 21:45:09 - Uruchomiono program
INFO  [app.InterfejsGuiApp.class] 2017-05-24 21:45:18 - Zamknieto program
INFO  [app.InterfejsGuiApp.class] 2017-05-24 21:45:22 - Uruchomiono program
INFO  [app.InterfejsGuiApp.class] 2017-05-24 21:45:55 - Zamknieto program
INFO  [app.InterfejsGuiApp.class] 2017-05-24 21:50:11 - Uruchomiono program
INFO  [app.InterfejsGuiApp.class] 2017-05-24 21:50:16 - Zamknieto program
INFO  [app.InterfejsGuiApp.class] 2017-05-24 21:50:28 - Uruchomiono program
INFO  [app.InterfejsGuiApp.class] 2017-05-24 21:50:32 - Zamknieto program
INFO  [app.InterfejsGuiApp.class] 2017-05-24 21:51:34 - Uruchomiono program
INFO  [app.InterfejsGuiApp.class] 2017-05-24 21:51:38 - Zamknieto program
INFO  [app.InterfejsGuiApp.class] 2017-05-24 21:51:58 - Uruchomiono program
INFO  [app.InterfejsGuiApp.class] 2017-05-24 21:52:18 - Zamknieto program
INFO  [app.InterfejsGuiApp.class] 2017-05-24 21:52:42 - Uruchomiono program
INFO  [app.InterfejsGuiApp.class] 2017-05-24 21:52:47 - Zamknieto program
INFO  [app.InterfejsGuiApp.class] 2017-05-24 21:58:35 - Uruchomiono program
INFO  [app.InterfejsGuiApp.class] 2017-05-24 21:58:44 - Zamknieto program
INFO  [app.InterfejsGuiApp.class] 2017-05-24 21:58:50 - Uruchomiono program
INFO  [app.InterfejsGuiApp.class] 2017-05-24 21:59:47 - Zamknieto program
INFO  [app.InterfejsGuiApp.class] 2017-05-24 21:59:49 - Uruchomiono program
INFO  [app.InterfejsGuiApp.class] 2017-05-24 21:59:57 - Zamknieto program
INFO  [app.InterfejsGuiApp.class] 2017-05-24 22:00:43 - Uruchomiono program
INFO  [app.InterfejsGuiApp.class] 2017-05-24 22:00:48 - Zamknieto program
INFO  [app.InterfejsGuiApp.class] 2017-05-24 22:01:28 - Uruchomiono program
INFO  [app.InterfejsGuiApp.class] 2017-05-24 22:01:35 - Zamknieto program
INFO  [app.InterfejsGuiApp.class] 2017-05-24 22:02:45 - Uruchomiono program
INFO  [app.InterfejsGuiApp.class] 2017-05-24 22:02:51 - Zamknieto program
INFO  [app.InterfejsGuiApp.class] 2017-05-24 22:05:38 - Uruchomiono program
INFO  [app.InterfejsGuiApp.class] 2017-05-24 22:05:52 - Zamknieto program
INFO  [app.InterfejsGuiApp.class] 2017-05-25 11:52:03 - Uruchomiono program
INFO  [app.InterfejsGuiApp.class] 2017-05-25 11:52:40 - Zamknieto program
INFO  [app.InterfejsGuiApp.class] 2017-05-25 11:58:54 - Uruchomiono program
INFO  [app.InterfejsGuiApp.class] 2017-05-25 11:59:02 - Zamknieto program
INFO  [app.InterfejsGuiApp.class] 2017-05-25 11:59:10 - Uruchomiono program
INFO  [app.InterfejsGuiApp.class] 2017-05-25 11:59:17 - Zamknieto program
INFO  [app.InterfejsGuiApp.class] 2017-05-25 12:00:02 - Uruchomiono program
INFO  [app.InterfejsGuiApp.class] 2017-05-25 12:00:07 - Zamknieto program
INFO  [app.InterfejsGuiApp.class] 2017-05-25 12:02:42 - Uruchomiono program
INFO  [app.InterfejsGuiApp.class] 2017-05-25 12:02:55 - Zamknieto program
INFO  [app.InterfejsGuiApp.class] 2017-05-25 12:04:28 - Uruchomiono program
INFO  [app.InterfejsGuiApp.class] 2017-05-25 12:04:32 - Zamknieto program
INFO  [app.InterfejsGuiApp.class] 2017-05-25 12:05:17 - Uruchomiono program
INFO  [app.InterfejsGuiApp.class] 2017-05-25 12:05:25 - Zamknieto program
INFO  [app.InterfejsGuiApp.class] 2017-05-25 12:05:38 - Uruchomiono program
INFO  [app.InterfejsGuiApp.class] 2017-05-25 12:05:43 - Zamknieto program
INFO  [app.InterfejsGuiApp.class] 2017-05-25 12:05:58 - Uruchomiono program
ERROR [app.InterfejsGuiApp.class] 2017-05-25 12:06:12 - Dane wejsciowe spoza zakresu!
INFO  [app.InterfejsGuiApp.class] 2017-05-25 12:11:45 - Zamknieto program
INFO  [app.InterfejsGuiApp.class] 2017-05-25 12:19:37 - Uruchomiono program
INFO  [app.InterfejsGuiApp.class] 2017-05-25 12:20:02 - Zamknieto program
INFO  [app.InterfejsGuiApp.class] 2017-05-25 12:20:04 - Uruchomiono program
INFO  [app.InterfejsGuiApp.class] 2017-05-25 12:20:09 - Zamknieto program
INFO  [app.InterfejsGuiApp.class] 2017-05-25 12:20:14 - Uruchomiono program
INFO  [app.InterfejsGuiApp.class] 2017-05-25 12:20:17 - Zamknieto program
INFO  [app.InterfejsGuiApp.class] 2017-05-25 12:20:29 - Uruchomiono program
INFO  [app.InterfejsGuiApp.class] 2017-05-25 12:20:35 - Zamknieto program
INFO  [app.InterfejsGuiApp.class] 2017-05-25 12:20:46 - Uruchomiono program
INFO  [app.InterfejsGuiApp.class] 2017-05-25 12:20:51 - Zamknieto program
INFO  [app.InterfejsGuiApp.class] 2017-05-25 12:22:11 - Uruchomiono program
INFO  [app.InterfejsGuiApp.class] 2017-05-25 12:22:19 - Zamknieto program
INFO  [app.InterfejsGuiApp.class] 2017-05-25 12:23:17 - Uruchomiono program
INFO  [app.InterfejsGuiApp.class] 2017-05-25 12:23:23 - Zamknieto program
INFO  [app.InterfejsGuiApp.class] 2017-05-25 12:23:37 - Uruchomiono program
INFO  [app.InterfejsGuiApp.class] 2017-05-25 12:23:41 - Zamknieto program
INFO  [app.InterfejsGuiApp.class] 2017-05-25 12:24:06 - Uruchomiono program
INFO  [app.InterfejsGuiApp.class] 2017-05-25 12:24:26 - Zamknieto program
INFO  [app.InterfejsGuiApp.class] 2017-05-25 12:24:31 - Uruchomiono program
INFO  [app.InterfejsGuiApp.class] 2017-05-25 12:24:35 - Zamknieto program
INFO  [app.InterfejsGuiApp.class] 2017-05-25 12:24:39 - Uruchomiono program
INFO  [app.InterfejsGuiApp.class] 2017-05-25 12:24:43 - Zamknieto program
INFO  [app.InterfejsGuiApp.class] 2017-05-25 12:24:48 - Uruchomiono program
INFO  [app.InterfejsGuiApp.class] 2017-05-25 12:24:51 - Zamknieto program
INFO  [app.InterfejsGuiApp.class] 2017-05-25 12:24:56 - Uruchomiono program
INFO  [app.InterfejsGuiApp.class] 2017-05-25 12:25:00 - Zamknieto program
INFO  [app.InterfejsGuiApp.class] 2017-05-25 12:25:39 - Uruchomiono program
INFO  [app.InterfejsGuiApp.class] 2017-05-25 12:25:53 - Zamknieto program
INFO  [app.InterfejsGuiApp.class] 2017-05-25 12:26:21 - Uruchomiono program
INFO  [app.InterfejsGuiApp.class] 2017-05-25 12:26:32 - Zamknieto program
INFO  [app.InterfejsGuiApp.class] 2017-05-25 13:00:42 - Uruchomiono program
INFO  [app.InterfejsGuiApp.class] 2017-05-25 13:00:45 - Zamknieto program
INFO  [app.InterfejsGuiApp.class] 2017-05-25 13:06:23 - Uruchomiono program
INFO  [app.InterfejsGuiApp.class] 2017-05-25 13:06:31 - Zamknieto program
INFO  [app.InterfejsGuiApp.class] 2017-05-25 13:22:02 - Uruchomiono program
INFO  [app.InterfejsGuiApp.class] 2017-05-25 13:22:06 - Zamknieto program
INFO  [app.InterfejsGuiApp.class] 2017-05-25 13:22:29 - Uruchomiono program
INFO  [app.InterfejsGuiApp.class] 2017-05-25 13:22:32 - Zamknieto program
INFO  [app.InterfejsGuiApp.class] 2017-05-25 13:23:20 - Uruchomiono program
INFO  [app.InterfejsGuiApp.class] 2017-05-25 13:23:29 - Zamknieto program
INFO  [app.InterfejsGuiApp.class] 2017-05-25 14:02:51 - Uruchomiono program
INFO  [app.InterfejsGuiApp.class] 2017-05-25 14:02:55 - Zamkniêto program
INFO  [app.InterfejsGuiApp.class] 2017-05-25 14:12:05 - Uruchomiono program
INFO  [app.InterfejsGuiApp.class] 2017-05-25 14:12:08 - Zamkniêto program
INFO  [app.InterfejsGuiApp.class] 2017-05-25 14:17:26 - Uruchomiono program
INFO  [app.InterfejsGuiApp.class] 2017-05-25 14:17:52 - Zamkniêto program
INFO  [app.InterfejsGuiApp.class] 2017-05-25 14:18:30 - Uruchomiono program
INFO  [app.InterfejsGuiApp.class] 2017-05-25 14:18:37 - Zamknieto program
INFO  [app.InterfejsGuiApp.class] 2017-05-25 14:26:19 - Uruchomiono program
INFO  [app.InterfejsGuiApp.class] 2017-05-25 14:26:24 - Zamknieto program
INFO  [app.InterfejsGuiApp.class] 2017-05-25 14:43:37 - Uruchomiono program
INFO  [app.InterfejsGuiApp.class] 2017-05-25 14:50:03 - Zamknieto program
INFO  [app.InterfejsGuiApp.class] 2017-05-25 14:51:16 - Uruchomiono program
INFO  [app.InterfejsGuiApp.class] 2017-05-25 14:51:47 - Zamknieto program
INFO  [app.InterfejsGuiApp.class] 2017-05-25 15:05:20 - Uruchomiono program
INFO  [app.InterfejsGuiApp.class] 2017-05-25 15:05:37 - Zamknieto program
INFO  [app.InterfejsGuiApp.class] 2017-05-25 15:05:39 - Uruchomiono program
INFO  [app.InterfejsGuiApp.class] 2017-05-25 15:05:45 - Zamknieto program
INFO  [app.InterfejsGuiApp.class] 2017-05-25 15:07:18 - Uruchomiono program
INFO  [app.InterfejsGuiApp.class] 2017-05-25 15:07:27 - Zamknieto program
INFO  [app.InterfejsGuiApp.class] 2017-05-25 15:08:14 - Uruchomiono program
INFO  [app.InterfejsGuiApp.class] 2017-05-25 15:11:29 - Zamknieto program
INFO  [app.InterfejsGuiApp.class] 2017-05-25 15:13:50 - Uruchomiono program
INFO  [app.InterfejsGuiApp.class] 2017-05-25 15:13:54 - Zamknieto program
INFO  [app.InterfejsGuiApp.class] 2017-05-25 15:14:15 - Uruchomiono program
INFO  [app.InterfejsGuiApp.class] 2017-05-25 15:14:20 - Zamknieto program
INFO  [app.InterfejsGuiApp.class] 2017-05-25 15:14:30 - Uruchomiono program
INFO  [app.InterfejsGuiApp.class] 2017-05-25 15:14:39 - Zamknieto program
INFO  [app.InterfejsGuiApp.class] 2017-05-25 15:14:46 - Uruchomiono program
INFO  [app.InterfejsGuiApp.class] 2017-05-25 15:14:49 - Zamknieto program
INFO  [app.InterfejsGuiApp.class] 2017-05-25 15:15:54 - Uruchomiono program
INFO  [app.InterfejsGuiApp.class] 2017-05-25 15:16:00 - Zamknieto program
INFO  [app.InterfejsGuiApp.class] 2017-05-25 15:16:05 - Uruchomiono program
INFO  [app.InterfejsGuiApp.class] 2017-05-25 15:16:08 - Zamknieto program
INFO  [app.InterfejsGuiApp.class] 2017-05-25 15:16:20 - Uruchomiono program
INFO  [app.InterfejsGuiApp.class] 2017-05-25 15:16:23 - Zamknieto program
INFO  [app.InterfejsGuiApp.class] 2017-05-30 13:45:54 - Uruchomiono program
INFO  [app.InterfejsGuiApp.class] 2017-05-30 13:47:32 - Zamknieto program
INFO  [app.InterfejsGuiApp.class] 2017-05-30 13:48:44 - Uruchomiono program
INFO  [app.InterfejsGuiApp.class] 2017-05-30 13:48:52 - Zamknieto program
INFO  [app.InterfejsGuiApp.class] 2017-05-30 19:12:44 - Uruchomiono program
INFO  [app.InterfejsGuiApp.class] 2017-05-30 19:12:50 - Zamknieto program
INFO  [app.InterfejsGuiApp.class] 2017-06-03 15:37:07 - Uruchomiono program
INFO  [app.InterfejsGuiApp.class] 2017-06-03 15:37:22 - Zamknieto program
INFO  [app.InterfejsGuiApp.class] 2017-06-03 15:40:11 - Uruchomiono program
INFO  [app.InterfejsGuiApp.class] 2017-06-03 15:40:15 - Zamkniêto program
INFO  [app.InterfejsGuiApp.class] 2017-06-03 15:43:12 - Uruchomiono program
INFO  [app.InterfejsGuiApp.class] 2017-06-03 15:43:17 - Zamknieto program
INFO  [app.InterfejsGuiApp.class] 2017-06-03 15:53:10 - Uruchomiono program
INFO  [app.InterfejsGuiApp.class] 2017-06-03 15:53:15 - Zamknieto program
INFO  [app.InterfejsGuiApp.class] 2017-06-03 15:56:49 - Uruchomiono program
INFO  [app.InterfejsGuiApp.class] 2017-06-03 15:56:55 - Zamknieto program
INFO  [app.InterfejsGuiApp.class] 2017-06-03 15:58:34 - Uruchomiono program
INFO  [app.InterfejsGuiApp.class] 2017-06-03 15:58:37 - Zamknieto program
INFO  [app.InterfejsGuiApp.class] 2017-06-03 16:00:01 - Uruchomiono program
INFO  [app.InterfejsGuiApp.class] 2017-06-03 16:00:14 - Zamknieto program
INFO  [app.InterfejsGuiApp.class] 2017-06-03 16:11:28 - Uruchomiono program
INFO  [app.InterfejsGuiApp.class] 2017-06-03 16:12:06 - Zamknieto program
INFO  [app.InterfejsGuiApp.class] 2017-06-03 16:12:38 - Uruchomiono program
INFO  [app.InterfejsGuiApp.class] 2017-06-03 16:12:42 - Zamknieto program
INFO  [app.InterfejsGuiApp.class] 2017-06-03 16:22:54 - Uruchomiono program
INFO  [app.InterfejsGuiApp.class] 2017-06-03 16:22:58 - Zamknieto program
INFO  [app.InterfejsGuiApp.class] 2017-06-03 16:56:47 - Uruchomiono program
INFO  [app.InterfejsGuiApp.class] 2017-06-03 16:56:54 - Zamknieto program
INFO  [app.InterfejsGuiApp.class] 2017-06-03 16:58:44 - Uruchomiono program
INFO  [app.InterfejsGuiApp.class] 2017-06-03 16:58:48 - Zamknieto program
INFO  [app.InterfejsGuiApp.class] 2017-06-03 16:58:57 - Uruchomiono program
INFO  [app.InterfejsGuiApp.class] 2017-06-03 16:59:02 - Zamknieto program
INFO  [app.InterfejsGuiApp.class] 2017-06-03 17:09:50 - Uruchomiono program
INFO  [app.InterfejsGuiApp.class] 2017-06-03 17:10:11 - Zamknieto program
INFO  [app.InterfejsGuiApp.class] 2017-06-03 17:11:07 - Uruchomiono program
INFO  [app.InterfejsGuiApp.class] 2017-06-03 17:11:22 - Zamknieto program
INFO  [app.InterfejsGuiApp.class] 2017-06-03 17:12:11 - Uruchomiono program
INFO  [app.InterfejsGuiApp.class] 2017-06-03 17:12:20 - Zamknieto program
INFO  [app.InterfejsGuiApp.class] 2017-06-03 17:12:39 - Uruchomiono program
INFO  [app.InterfejsGuiApp.class] 2017-06-03 17:12:49 - Zamknieto program
INFO  [app.InterfejsGuiApp.class] 2017-06-03 17:12:57 - Uruchomiono program
INFO  [app.InterfejsGuiApp.class] 2017-06-03 17:13:21 - Zamknieto program
INFO  [app.InterfejsGuiApp.class] 2017-06-03 17:14:28 - Uruchomiono program
INFO  [app.InterfejsGuiApp.class] 2017-06-03 17:15:04 - Zamknieto program
INFO  [app.InterfejsGuiApp.class] 2017-06-03 17:15:26 - Uruchomiono program
INFO  [app.InterfejsGuiApp.class] 2017-06-03 17:16:47 - Zamknieto program
INFO  [app.InterfejsGuiApp.class] 2017-06-03 17:17:11 - Uruchomiono program
INFO  [app.InterfejsGuiApp.class] 2017-06-03 17:19:15 - Zamknieto program
INFO  [app.InterfejsGuiApp.class] 2017-06-03 17:21:36 - Uruchomiono program
INFO  [app.InterfejsGuiApp.class] 2017-06-03 17:21:59 - Zamknieto program
INFO  [app.InterfejsGuiApp.class] 2017-06-03 17:24:38 - Uruchomiono program
INFO  [app.InterfejsGuiApp.class] 2017-06-03 17:24:43 - Zamknieto program
INFO  [app.InterfejsGuiApp.class] 2017-06-03 17:24:54 - Uruchomiono program
ERROR [app.InterfejsGuiApp.class] 2017-06-03 17:25:08 - Zly format danej wejsciowej!
INFO  [app.InterfejsGuiApp.class] 2017-06-03 17:25:12 - Zamknieto program
INFO  [app.InterfejsGuiApp.class] 2017-06-03 17:26:03 - Uruchomiono program
INFO  [app.InterfejsGuiApp.class] 2017-06-03 17:26:55 - Zamknieto program
INFO  [app.InterfejsGuiApp.class] 2017-06-03 17:27:04 - Uruchomiono program
INFO  [app.InterfejsGuiApp.class] 2017-06-03 17:27:09 - Zamknieto program
INFO  [app.InterfejsGuiApp.class] 2017-06-03 17:28:36 - Uruchomiono program
INFO  [app.InterfejsGuiApp.class] 2017-06-03 17:28:47 - Zamknieto program
INFO  [app.InterfejsGuiApp.class] 2017-06-03 17:30:50 - Uruchomiono program
INFO  [app.InterfejsGuiApp.class] 2017-06-03 17:31:19 - Zamknieto program
INFO  [app.InterfejsGuiApp.class] 2017-06-03 17:31:58 - Uruchomiono program
INFO  [app.InterfejsGuiApp.class] 2017-06-03 17:32:45 - Zamknieto program
INFO  [app.InterfejsGuiApp.class] 2017-06-03 17:39:07 - Uruchomiono program
INFO  [app.InterfejsGuiApp.class] 2017-06-03 17:39:34 - Zamknieto program
INFO  [app.InterfejsGuiApp.class] 2017-06-03 17:41:31 - Uruchomiono program
INFO  [app.InterfejsGuiApp.class] 2017-06-03 17:41:41 - Zamknieto program
INFO  [app.InterfejsGuiApp.class] 2017-06-03 17:42:39 - Uruchomiono program
INFO  [app.InterfejsGuiApp.class] 2017-06-03 17:42:50 - Zamknieto program
INFO  [app.InterfejsGuiApp.class] 2017-06-03 17:43:00 - Uruchomiono program
INFO  [app.InterfejsGuiApp.class] 2017-06-03 17:43:14 - Zamknieto program
INFO  [app.InterfejsGuiApp.class] 2017-06-03 17:43:58 - Uruchomiono program
INFO  [app.InterfejsGuiApp.class] 2017-06-03 17:44:32 - Zamknieto program
INFO  [app.InterfejsGuiApp.class] 2017-06-03 17:46:39 - Uruchomiono program
INFO  [app.InterfejsGuiApp.class] 2017-06-03 17:47:05 - Zamknieto program
INFO  [app.InterfejsGuiApp.class] 2017-06-03 17:47:20 - Uruchomiono program
INFO  [app.InterfejsGuiApp.class] 2017-06-03 17:47:37 - Zamknieto program
INFO  [app.InterfejsGuiApp.class] 2017-06-03 17:48:41 - Uruchomiono program
INFO  [app.InterfejsGuiApp.class] 2017-06-03 17:48:57 - Zamknieto program
INFO  [app.InterfejsGuiApp.class] 2017-06-03 17:49:31 - Uruchomiono program
INFO  [app.InterfejsGuiApp.class] 2017-06-03 17:49:35 - Zamknieto program
INFO  [app.InterfejsGuiApp.class] 2017-06-03 17:49:47 - Uruchomiono program
INFO  [app.InterfejsGuiApp.class] 2017-06-03 17:50:04 - Zamknieto program
INFO  [app.InterfejsGuiApp.class] 2017-06-03 17:50:12 - Uruchomiono program
INFO  [app.InterfejsGuiApp.class] 2017-06-03 17:50:18 - Zamknieto program
INFO  [app.InterfejsGuiApp.class] 2017-06-03 17:51:45 - Uruchomiono program
INFO  [app.InterfejsGuiApp.class] 2017-06-03 17:52:04 - Zamknieto program
INFO  [app.InterfejsGuiApp.class] 2017-06-03 17:59:08 - Uruchomiono program
INFO  [app.InterfejsGuiApp.class] 2017-06-03 17:59:17 - Zamknieto program
INFO  [app.InterfejsGuiApp.class] 2017-06-03 17:59:35 - Uruchomiono program
INFO  [app.InterfejsGuiApp.class] 2017-06-03 18:00:01 - Zamknieto program
INFO  [app.InterfejsGuiApp.class] 2017-06-03 18:00:34 - Uruchomiono program
INFO  [app.InterfejsGuiApp.class] 2017-06-03 18:01:10 - Zamknieto program
INFO  [app.InterfejsGuiApp.class] 2017-06-03 18:01:16 - Uruchomiono program
ERROR [app.InterfejsGuiApp.class] 2017-06-03 18:01:58 - Zly format danej wejsciowej!
INFO  [app.InterfejsGuiApp.class] 2017-06-03 18:02:30 - Zamknieto program
INFO  [app.InterfejsGuiApp.class] 2017-06-03 18:04:40 - Uruchomiono program
INFO  [app.InterfejsGuiApp.class] 2017-06-03 18:04:49 - Zamknieto program
INFO  [app.InterfejsGuiApp.class] 2017-06-03 18:05:29 - Uruchomiono program
INFO  [app.InterfejsGuiApp.class] 2017-06-03 18:05:56 - Zamknieto program
INFO  [app.InterfejsGuiApp.class] 2017-06-03 18:06:15 - Uruchomiono program
INFO  [app.InterfejsGuiApp.class] 2017-06-03 18:06:28 - Zamknieto program
INFO  [app.InterfejsGuiApp.class] 2017-06-03 18:06:52 - Uruchomiono program
INFO  [app.InterfejsGuiApp.class] 2017-06-03 18:07:42 - Zamknieto program
INFO  [app.InterfejsGuiApp.class] 2017-06-03 18:08:15 - Uruchomiono program
INFO  [app.InterfejsGuiApp.class] 2017-06-03 18:08:27 - Zamknieto program
INFO  [app.InterfejsGuiApp.class] 2017-06-03 18:09:30 - Uruchomiono program
INFO  [app.InterfejsGuiApp.class] 2017-06-03 18:10:18 - Zamknieto program
INFO  [app.InterfejsGuiApp.class] 2017-06-03 18:11:46 - Uruchomiono program
INFO  [app.InterfejsGuiApp.class] 2017-06-03 18:12:19 - Zamknieto program
INFO  [app.InterfejsGuiApp.class] 2017-06-03 18:12:34 - Uruchomiono program
INFO  [app.InterfejsGuiApp.class] 2017-06-03 18:13:12 - Zamknieto program
INFO  [app.InterfejsGuiApp.class] 2017-06-03 18:13:31 - Uruchomiono program
INFO  [app.InterfejsGuiApp.class] 2017-06-03 18:13:53 - Zamknieto program
INFO  [app.InterfejsGuiApp.class] 2017-06-03 18:14:16 - Uruchomiono program
INFO  [app.InterfejsGuiApp.class] 2017-06-03 18:14:42 - Zamknieto program
INFO  [app.InterfejsGuiApp.class] 2017-06-03 18:16:29 - Uruchomiono program
INFO  [app.InterfejsGuiApp.class] 2017-06-03 18:16:33 - Zamknieto program
INFO  [app.InterfejsGuiApp.class] 2017-06-03 18:16:44 - Uruchomiono program
INFO  [app.InterfejsGuiApp.class] 2017-06-03 18:16:48 - Zamknieto program
INFO  [app.InterfejsGuiApp.class] 2017-06-03 18:16:54 - Uruchomiono program
INFO  [app.InterfejsGuiApp.class] 2017-06-03 18:17:02 - Zamknieto program
INFO  [app.InterfejsGuiApp.class] 2017-06-03 18:17:27 - Uruchomiono program
INFO  [app.InterfejsGuiApp.class] 2017-06-03 18:17:43 - Zamknieto program
INFO  [app.InterfejsGuiApp.class] 2017-06-03 18:18:40 - Uruchomiono program
INFO  [app.InterfejsGuiApp.class] 2017-06-03 18:18:45 - Zamknieto program
INFO  [app.InterfejsGuiApp.class] 2017-06-03 18:19:31 - Uruchomiono program
INFO  [app.InterfejsGuiApp.class] 2017-06-03 18:19:42 - Zamknieto program
INFO  [app.InterfejsGuiApp.class] 2017-06-03 18:20:44 - Uruchomiono program
INFO  [app.InterfejsGuiApp.class] 2017-06-03 18:20:57 - Zamknieto program
INFO  [app.InterfejsGuiApp.class] 2017-06-03 18:21:26 - Uruchomiono program
INFO  [app.InterfejsGuiApp.class] 2017-06-03 18:21:37 - Zamknieto program
INFO  [app.InterfejsGuiApp.class] 2017-06-03 18:24:02 - Uruchomiono program
INFO  [app.InterfejsGuiApp.class] 2017-06-03 18:24:08 - Zamknieto program
INFO  [app.InterfejsGuiApp.class] 2017-06-03 18:24:18 - Uruchomiono program
INFO  [app.InterfejsGuiApp.class] 2017-06-03 18:24:28 - Zamknieto program
INFO  [app.InterfejsGuiApp.class] 2017-06-03 18:26:21 - Uruchomiono program
INFO  [app.InterfejsGuiApp.class] 2017-06-03 18:26:39 - Zamknieto program
INFO  [app.InterfejsGuiApp.class] 2017-06-03 18:27:28 - Uruchomiono program
INFO  [app.InterfejsGuiApp.class] 2017-06-03 18:27:48 - Zamknieto program
INFO  [app.InterfejsGuiApp.class] 2017-06-03 18:28:20 - Uruchomiono program
INFO  [app.InterfejsGuiApp.class] 2017-06-03 18:28:30 - Zamknieto program
INFO  [app.InterfejsGuiApp.class] 2017-06-03 18:29:00 - Uruchomiono program
INFO  [app.InterfejsGuiApp.class] 2017-06-03 18:29:36 - Zamknieto program
INFO  [app.InterfejsGuiApp.class] 2017-06-03 18:31:14 - Uruchomiono program
INFO  [app.InterfejsGuiApp.class] 2017-06-03 18:31:22 - Zamknieto program
INFO  [app.InterfejsGuiApp.class] 2017-06-03 18:32:39 - Uruchomiono program
INFO  [app.InterfejsGuiApp.class] 2017-06-03 18:32:49 - Zamknieto program
INFO  [app.InterfejsGuiApp.class] 2017-06-03 18:33:18 - Uruchomiono program
INFO  [app.InterfejsGuiApp.class] 2017-06-03 18:33:24 - Zamknieto program
INFO  [app.InterfejsGuiApp.class] 2017-06-03 18:33:31 - Uruchomiono program
INFO  [app.InterfejsGuiApp.class] 2017-06-03 18:33:39 - Zamknieto program
INFO  [app.InterfejsGuiApp.class] 2017-06-03 18:33:40 - Uruchomiono program
INFO  [app.InterfejsGuiApp.class] 2017-06-03 18:34:14 - Zamknieto program
INFO  [app.InterfejsGuiApp.class] 2017-06-03 18:37:33 - Uruchomiono program
INFO  [app.InterfejsGuiApp.class] 2017-06-03 18:37:46 - Zamknieto program
INFO  [app.InterfejsGuiApp.class] 2017-06-03 18:38:47 - Uruchomiono program
INFO  [app.InterfejsGuiApp.class] 2017-06-03 18:39:01 - Zamknieto program
INFO  [app.InterfejsGuiApp.class] 2017-06-03 18:39:42 - Uruchomiono program
INFO  [app.InterfejsGuiApp.class] 2017-06-03 18:39:49 - Zamknieto program
INFO  [app.InterfejsGuiApp.class] 2017-06-03 18:41:47 - Uruchomiono program
INFO  [app.InterfejsGuiApp.class] 2017-06-03 18:42:10 - Zamknieto program
INFO  [app.InterfejsGuiApp.class] 2017-06-03 18:42:28 - Uruchomiono program
INFO  [app.InterfejsGuiApp.class] 2017-06-03 18:42:42 - Zamknieto program
INFO  [app.InterfejsGuiApp.class] 2017-06-03 18:43:01 - Uruchomiono program
INFO  [app.InterfejsGuiApp.class] 2017-06-03 18:43:08 - Zamknieto program
INFO  [app.InterfejsGuiApp.class] 2017-06-05 23:14:36 - Uruchomiono program
INFO  [app.InterfejsGuiApp.class] 2017-06-05 23:21:27 - Zamknieto program
INFO  [app.InterfejsGuiApp.class] 2017-06-07 16:36:16 - Uruchomiono program
INFO  [app.InterfejsGuiApp.class] 2017-06-07 16:36:45 - Zamknieto program
INFO  [app.InterfejsGuiApp.class] 2017-06-07 16:38:25 - Uruchomiono program
INFO  [app.InterfejsGuiApp.class] 2017-06-07 16:38:29 - Zamknieto program
INFO  [app.InterfejsGuiApp.class] 2017-06-07 16:38:50 - Uruchomiono program
INFO  [app.InterfejsGuiApp.class] 2017-06-07 16:38:56 - Zamknieto program
INFO  [app.InterfejsGuiApp.class] 2017-06-07 16:40:18 - Uruchomiono program
INFO  [app.InterfejsGuiApp.class] 2017-06-07 16:40:22 - Zamknieto program
INFO  [app.InterfejsGuiApp.class] 2017-06-07 16:42:58 - Uruchomiono program
INFO  [app.InterfejsGuiApp.class] 2017-06-07 16:43:02 - Zamknieto program
INFO  [app.InterfejsGuiApp.class] 2017-06-07 16:44:05 - Uruchomiono program
INFO  [app.InterfejsGuiApp.class] 2017-06-07 16:44:09 - Zamknieto program
INFO  [app.InterfejsGuiApp.class] 2017-06-07 16:44:38 - Uruchomiono program
INFO  [app.InterfejsGuiApp.class] 2017-06-07 16:44:44 - Zamknieto program
INFO  [app.InterfejsGuiApp.class] 2017-06-07 16:45:41 - Uruchomiono program
INFO  [app.InterfejsGuiApp.class] 2017-06-07 16:45:45 - Zamknieto program
INFO  [app.InterfejsGuiApp.class] 2017-06-07 16:48:55 - Uruchomiono program
INFO  [app.InterfejsGuiApp.class] 2017-06-07 16:48:59 - Zamknieto program
INFO  [app.InterfejsGuiApp.class] 2017-06-08 10:21:28 - Uruchomiono program
INFO  [app.InterfejsGuiApp.class] 2017-06-08 10:21:38 - Zamknieto program
INFO  [app.InterfejsGuiApp.class] 2017-06-08 10:48:09 - Uruchomiono program
INFO  [app.InterfejsGuiApp.class] 2017-06-08 10:48:12 - Zamknieto program
INFO  [app.InterfejsGuiApp.class] 2017-06-08 10:58:17 - Uruchomiono program
ERROR [app.InterfejsGuiApp.class] 2017-06-08 11:01:17 - Zly format danej wejsciowej!
ERROR [app.InterfejsGuiApp.class] 2017-06-08 11:01:29 - Zly format danej wejsciowej!
ERROR [app.InterfejsGuiApp.class] 2017-06-08 11:01:36 - Zly format danej wejsciowej!
ERROR [app.InterfejsGuiApp.class] 2017-06-08 11:02:00 - Zly format danej wejsciowej!
INFO  [app.InterfejsGuiApp.class] 2017-06-08 11:02:24 - Zamknieto program
INFO  [app.InterfejsGuiApp.class] 2017-06-08 16:18:30 - Uruchomiono program
INFO  [app.InterfejsGuiApp.class] 2017-06-08 16:18:34 - Zamknieto program
INFO  [app.InterfejsGuiApp.class] 2017-06-08 16:29:35 - Uruchomiono program
INFO  [app.InterfejsGuiApp.class] 2017-06-08 16:29:50 - Zamknieto program
INFO  [app.InterfejsGuiApp.class] 2017-06-08 16:32:33 - Uruchomiono program
INFO  [app.InterfejsGuiApp.class] 2017-06-08 16:32:37 - Zamknieto program
